<?xml version="1.0" encoding="utf-8"?><testsuites name="pytest tests"><testsuite name="pytest" errors="0" failures="0" skipped="0" tests="11" time="1.955" timestamp="2026-06-23T18:13:07.043015+00:00" hostname="agent-env-02f6c318-6b47-4791-8295-bc738295b3ad"><testcase classname="tests.test_phase6_api" name="test_google_session_missing_id" time="0.269" /><testcase classname="tests.test_phase6_api" name="test_google_session_invalid_id" time="0.367" /><testcase classname="tests.test_phase6_api" name="test_existing_jwt_login_still_works" time="0.278" /><testcase classname="tests.test_phase6_api" name="test_admin_all_lessons_lists_seed_and_custom" time="0.058" /><testcase classname="tests.test_phase6_api" name="test_admin_all_lessons_requires_admin" time="0.112" /><testcase classname="tests.test_phase6_api" name="test_admin_lesson_get_and_override_roundtrip" time="0.354" /><testcase classname="tests.test_phase6_api" name="test_admin_update_seed_blocks" time="0.165" /><testcase classname="tests.test_phase6_api" name="test_admin_update_unknown_lesson_404" time="0.061" /><testcase classname="tests.test_phase6_api" name="test_admin_update_empty_patch_400" time="0.060" /><testcase classname="tests.test_phase6_api" name="test_admin_update_requires_admin" time="0.112" /><testcase classname="tests.test_phase6_api" name="test_calendar_weeks_and_track_combined" time="0.055" /></testsuite></testsuites>