<?xml version="1.0" encoding="utf-8"?><testsuites name="pytest tests"><testsuite name="pytest" errors="0" failures="0" skipped="0" tests="27" time="4.080" timestamp="2026-06-15T13:27:04.242514+00:00" hostname="agent-env-02f6c318-6b47-4791-8295-bc738295b3ad"><testcase classname="backend.tests.test_backend_api" name="test_root_ok" time="0.251" /><testcase classname="backend.tests.test_backend_api" name="test_tracks_returns_three" time="0.072" /><testcase classname="backend.tests.test_backend_api" name="test_foundations_has_modules_and_lessons" time="0.080" /><testcase classname="backend.tests.test_backend_api" name="test_lesson_pid" time="0.058" /><testcase classname="backend.tests.test_backend_api" name="test_lesson_404" time="0.063" /><testcase classname="backend.tests.test_backend_api" name="test_register_and_login" time="0.563" /><testcase classname="backend.tests.test_backend_api" name="test_login_invalid" time="0.052" /><testcase classname="backend.tests.test_backend_api" name="test_me_with_bearer" time="0.052" /><testcase classname="backend.tests.test_backend_api" name="test_me_without_token" time="0.097" /><testcase classname="backend.tests.test_backend_api" name="test_admin_login" time="0.274" /><testcase classname="backend.tests.test_backend_api" name="test_complete_lesson_awards_xp" time="0.108" /><testcase classname="backend.tests.test_backend_api" name="test_complete_lesson_idempotent" time="0.057" /><testcase classname="backend.tests.test_backend_api" name="test_complete_bad_lesson" time="0.053" /><testcase classname="backend.tests.test_backend_api" name="test_assessment_submit" time="0.060" /><testcase classname="backend.tests.test_backend_api" name="test_social_clips_one_per_lesson" time="0.643" /><testcase classname="backend.tests.test_backend_api" name="test_calendar_csv" time="0.051" /><testcase classname="backend.tests.test_phase2_api" name="test_ten_tracks_ordered_with_lessons" time="0.110" /><testcase classname="backend.tests.test_phase2_api" name="test_track_sensing_structure" time="0.044" /><testcase classname="backend.tests.test_phase2_api" name="test_track_apps_structure" time="0.043" /><testcase classname="backend.tests.test_phase2_api" name="test_lesson_emergent_in_swarms" time="0.045" /><testcase classname="backend.tests.test_phase2_api" name="test_lesson_airspace_diagram" time="0.041" /><testcase classname="backend.tests.test_phase2_api" name="test_recommend_guest_returns_foundations_first" time="0.047" /><testcase classname="backend.tests.test_phase2_api" name="test_recommend_after_completion" time="0.364" /><testcase classname="backend.tests.test_phase2_api" name="test_complete_with_low_score_creates_review_and_answer_flow" time="0.362" /><testcase classname="backend.tests.test_phase2_api" name="test_review_answer_correct_and_incorrect" time="0.310" /><testcase classname="backend.tests.test_phase2_api" name="test_social_clips_37_plus" time="0.044" /><testcase classname="backend.tests.test_phase2_api" name="test_calendar_csv_has_37_rows" time="0.043" /></testsuite></testsuites>