<?xml version="1.0" encoding="utf-8"?><testsuites name="pytest tests"><testsuite name="pytest" errors="0" failures="0" skipped="0" tests="12" time="2.267" timestamp="2026-06-23T14:59:54.343485+00:00" hostname="agent-env-02f6c318-6b47-4791-8295-bc738295b3ad"><testcase classname="backend.tests.test_phase5_api" name="test_root" time="0.297" /><testcase classname="backend.tests.test_phase5_api" name="test_tracks" time="0.048" /><testcase classname="backend.tests.test_phase5_api" name="test_lesson_pid" time="0.049" /><testcase classname="backend.tests.test_phase5_api" name="test_sim_missions_catalog" time="0.045" /><testcase classname="backend.tests.test_phase5_api" name="test_precision_hover_requires_1_gate" time="0.399" /><testcase classname="backend.tests.test_phase5_api" name="test_pylon_slalom_requires_6_gates" time="0.101" /><testcase classname="backend.tests.test_phase5_api" name="test_no_gps_landing_requires_1_gate_and_min_time" time="0.146" /><testcase classname="backend.tests.test_phase5_api" name="test_sim_best_mission_specific" time="0.093" /><testcase classname="backend.tests.test_phase5_api" name="test_sim_leaderboard_mission_specific" time="0.413" /><testcase classname="backend.tests.test_phase5_api" name="test_psychomotor_zero_when_no_runs" time="0.323" /><testcase classname="backend.tests.test_phase5_api" name="test_psychomotor_high_after_fast_gate_course" time="0.131" /><testcase classname="backend.tests.test_phase5_api" name="test_psychomotor_requires_auth" time="0.154" /></testsuite></testsuites>