<?xml version="1.0" encoding="utf-8"?><testsuites name="pytest tests"><testsuite name="pytest" errors="0" failures="1" skipped="0" tests="47" time="7.304" timestamp="2026-06-15T14:01:26.803611+00:00" hostname="agent-env-02f6c318-6b47-4791-8295-bc738295b3ad"><testcase classname="backend.tests.test_backend_api" name="test_root_ok" time="0.163" /><testcase classname="backend.tests.test_backend_api" name="test_tracks_returns_three" time="0.085" /><testcase classname="backend.tests.test_backend_api" name="test_foundations_has_modules_and_lessons" time="0.044" /><testcase classname="backend.tests.test_backend_api" name="test_lesson_pid" time="0.047" /><testcase classname="backend.tests.test_backend_api" name="test_lesson_404" time="0.048" /><testcase classname="backend.tests.test_backend_api" name="test_register_and_login" time="0.537" /><testcase classname="backend.tests.test_backend_api" name="test_login_invalid" time="0.045" /><testcase classname="backend.tests.test_backend_api" name="test_me_with_bearer" time="0.048" /><testcase classname="backend.tests.test_backend_api" name="test_me_without_token" time="0.087" /><testcase classname="backend.tests.test_backend_api" name="test_admin_login" time="0.271" /><testcase classname="backend.tests.test_backend_api" name="test_complete_lesson_awards_xp" time="0.089" /><testcase classname="backend.tests.test_backend_api" name="test_complete_lesson_idempotent" time="0.044" /><testcase classname="backend.tests.test_backend_api" name="test_complete_bad_lesson" time="0.044" /><testcase classname="backend.tests.test_backend_api" name="test_assessment_submit" time="0.046" /><testcase classname="backend.tests.test_backend_api" name="test_social_clips_one_per_lesson" time="0.574" /><testcase classname="backend.tests.test_backend_api" name="test_calendar_csv" time="0.044" /><testcase classname="backend.tests.test_phase2_api" name="test_ten_tracks_ordered_with_lessons" time="0.090" /><testcase classname="backend.tests.test_phase2_api" name="test_track_sensing_structure" time="0.043" /><testcase classname="backend.tests.test_phase2_api" name="test_track_apps_structure" time="0.044" /><testcase classname="backend.tests.test_phase2_api" name="test_lesson_emergent_in_swarms" time="0.054" /><testcase classname="backend.tests.test_phase2_api" name="test_lesson_airspace_diagram" time="0.045" /><testcase classname="backend.tests.test_phase2_api" name="test_recommend_guest_returns_foundations_first" time="0.048" /><testcase classname="backend.tests.test_phase2_api" name="test_recommend_after_completion" time="0.365" /><testcase classname="backend.tests.test_phase2_api" name="test_complete_with_low_score_creates_review_and_answer_flow" time="0.366" /><testcase classname="backend.tests.test_phase2_api" name="test_review_answer_correct_and_incorrect" time="0.346" /><testcase classname="backend.tests.test_phase2_api" name="test_social_clips_37_plus" time="0.042" /><testcase classname="backend.tests.test_phase2_api" name="test_calendar_csv_has_37_rows" time="0.045" /><testcase classname="backend.tests.test_phase3_api" name="test_glossary_returns_50_plus" time="0.097"><failure message="AssertionError: Expected 50+ terms, got 20&#10;assert 20 &gt;= 50&#10; +  where 20 = len([{'category': 'Concept', 'def': 'The capacity of a machine to perform a task without continuous human input. Comes in ...def': 'Return to Home — a failsafe behavior that returns the aircraft to a stored home position.', 'term': 'RTH'}, ...])">E   AssertionError: Expected 50+ terms, got 20
    assert 20 &gt;= 50
     +  where 20 = len([{'category': 'Concept', 'def': 'The capacity of a machine to perform a task without continuous human input. Comes in ...def': 'Return to Home — a failsafe behavior that returns the aircraft to a stored home position.', 'term': 'RTH'}, ...])</failure></testcase><testcase classname="backend.tests.test_phase3_api" name="test_glossary_filter_rtk" time="0.046" /><testcase classname="backend.tests.test_phase3_api" name="test_search_swarm" time="0.046" /><testcase classname="backend.tests.test_phase3_api" name="test_badges_catalog_20" time="0.049" /><testcase classname="backend.tests.test_phase3_api" name="test_badges_me_unauth_401" time="0.047" /><testcase classname="backend.tests.test_phase3_api" name="test_badges_me_auth_returns_earned" time="0.406" /><testcase classname="backend.tests.test_phase3_api" name="test_leaderboard_xp" time="0.045" /><testcase classname="backend.tests.test_phase3_api" name="test_leaderboard_streak" time="0.047" /><testcase classname="backend.tests.test_phase3_api" name="test_set_tier_eli12" time="0.091" /><testcase classname="backend.tests.test_phase3_api" name="test_comments_empty_then_create_then_listed" time="0.207" /><testcase classname="backend.tests.test_phase3_api" name="test_comments_unauth_post_401" time="0.044" /><testcase classname="backend.tests.test_phase3_api" name="test_certificate_not_eligible_for_fresh_user" time="0.397" /><testcase classname="backend.tests.test_phase3_api" name="test_certificate_eligible_after_completion_and_badges" time="0.824" /><testcase classname="backend.tests.test_phase3_api" name="test_control_theorist_badge_on_pid" time="0.418" /><testcase classname="backend.tests.test_phase3_api" name="test_admin_stats_as_admin" time="0.367" /><testcase classname="backend.tests.test_phase3_api" name="test_admin_stats_as_regular_403" time="0.050" /><testcase classname="backend.tests.test_phase3_api" name="test_admin_create_custom_lesson" time="0.135" /><testcase classname="backend.tests.test_phase3_api" name="test_admin_create_lesson_as_user_403" time="0.042" /><testcase classname="backend.tests.test_phase3_api" name="test_admin_delete_seed_lesson_400" time="0.045" /><testcase classname="backend.tests.test_phase3_api" name="test_admin_delete_custom_lesson" time="0.087" /></testsuite></testsuites>