<?xml version="1.0" encoding="utf-8"?><testsuites name="pytest tests"><testsuite name="pytest" errors="0" failures="0" skipped="0" tests="70" time="14.221" timestamp="2026-06-23T15:00:32.208060+00:00" hostname="agent-env-02f6c318-6b47-4791-8295-bc738295b3ad"><testcase classname="backend.tests.test_backend_api" name="test_root_ok" time="0.190" /><testcase classname="backend.tests.test_backend_api" name="test_tracks_returns_three" time="0.053" /><testcase classname="backend.tests.test_backend_api" name="test_foundations_has_modules_and_lessons" time="0.056" /><testcase classname="backend.tests.test_backend_api" name="test_lesson_pid" time="0.061" /><testcase classname="backend.tests.test_backend_api" name="test_lesson_404" time="0.060" /><testcase classname="backend.tests.test_backend_api" name="test_register_and_login" time="0.572" /><testcase classname="backend.tests.test_backend_api" name="test_login_invalid" time="0.079" /><testcase classname="backend.tests.test_backend_api" name="test_me_with_bearer" time="0.074" /><testcase classname="backend.tests.test_backend_api" name="test_me_without_token" time="0.106" /><testcase classname="backend.tests.test_backend_api" name="test_admin_login" time="0.287" /><testcase classname="backend.tests.test_backend_api" name="test_complete_lesson_awards_xp" time="0.164" /><testcase classname="backend.tests.test_backend_api" name="test_complete_lesson_idempotent" time="0.066" /><testcase classname="backend.tests.test_backend_api" name="test_complete_bad_lesson" time="0.051" /><testcase classname="backend.tests.test_backend_api" name="test_assessment_submit" time="0.067" /><testcase classname="backend.tests.test_backend_api" name="test_social_clips_one_per_lesson" time="0.692" /><testcase classname="backend.tests.test_backend_api" name="test_calendar_csv" time="0.051" /><testcase classname="backend.tests.test_phase2_api" name="test_ten_tracks_ordered_with_lessons" time="0.104" /><testcase classname="backend.tests.test_phase2_api" name="test_track_sensing_structure" time="0.058" /><testcase classname="backend.tests.test_phase2_api" name="test_track_apps_structure" time="0.051" /><testcase classname="backend.tests.test_phase2_api" name="test_lesson_emergent_in_swarms" time="0.051" /><testcase classname="backend.tests.test_phase2_api" name="test_lesson_airspace_diagram" time="0.053" /><testcase classname="backend.tests.test_phase2_api" name="test_recommend_guest_returns_foundations_first" time="0.058" /><testcase classname="backend.tests.test_phase2_api" name="test_recommend_after_completion" time="0.393" /><testcase classname="backend.tests.test_phase2_api" name="test_complete_with_low_score_creates_review_and_answer_flow" time="0.377" /><testcase classname="backend.tests.test_phase2_api" name="test_review_answer_correct_and_incorrect" time="0.323" /><testcase classname="backend.tests.test_phase2_api" name="test_social_clips_37_plus" time="0.053" /><testcase classname="backend.tests.test_phase2_api" name="test_calendar_csv_has_37_rows" time="0.044" /><testcase classname="backend.tests.test_phase3_api" name="test_glossary_returns_50_plus" time="0.108" /><testcase classname="backend.tests.test_phase3_api" name="test_glossary_filter_rtk" time="0.048" /><testcase classname="backend.tests.test_phase3_api" name="test_search_swarm" time="0.065" /><testcase classname="backend.tests.test_phase3_api" name="test_badges_catalog_20" time="0.048" /><testcase classname="backend.tests.test_phase3_api" name="test_badges_me_unauth_401" time="0.046" /><testcase classname="backend.tests.test_phase3_api" name="test_badges_me_auth_returns_earned" time="0.393" /><testcase classname="backend.tests.test_phase3_api" name="test_leaderboard_xp" time="0.047" /><testcase classname="backend.tests.test_phase3_api" name="test_leaderboard_streak" time="0.051" /><testcase classname="backend.tests.test_phase3_api" name="test_set_tier_eli12" time="0.106" /><testcase classname="backend.tests.test_phase3_api" name="test_comments_empty_then_create_then_listed" time="0.377" /><testcase classname="backend.tests.test_phase3_api" name="test_comments_unauth_post_401" time="0.047" /><testcase classname="backend.tests.test_phase3_api" name="test_certificate_not_eligible_for_fresh_user" time="0.433" /><testcase classname="backend.tests.test_phase3_api" name="test_certificate_eligible_after_completion_and_badges" time="0.688" /><testcase classname="backend.tests.test_phase3_api" name="test_control_theorist_badge_on_pid" time="0.419" /><testcase classname="backend.tests.test_phase3_api" name="test_admin_stats_as_admin" time="0.397" /><testcase classname="backend.tests.test_phase3_api" name="test_admin_stats_as_regular_403" time="0.052" /><testcase classname="backend.tests.test_phase3_api" name="test_admin_create_custom_lesson" time="0.142" /><testcase classname="backend.tests.test_phase3_api" name="test_admin_create_lesson_as_user_403" time="0.470" /><testcase classname="backend.tests.test_phase3_api" name="test_admin_delete_seed_lesson_400" time="0.555" /><testcase classname="backend.tests.test_phase3_api" name="test_admin_delete_custom_lesson" time="0.103" /><testcase classname="backend.tests.test_phase4_api" name="test_root_still_ok" time="0.097" /><testcase classname="backend.tests.test_phase4_api" name="test_tracks_ten" time="0.051" /><testcase classname="backend.tests.test_phase4_api" name="test_lesson_pid" time="0.047" /><testcase classname="backend.tests.test_phase4_api" name="test_sim_score_first_run_is_new_best" time="0.435" /><testcase classname="backend.tests.test_phase4_api" name="test_sim_score_slower_not_new_best" time="0.146" /><testcase classname="backend.tests.test_phase4_api" name="test_sim_score_faster_new_best" time="0.184" /><testcase classname="backend.tests.test_phase4_api" name="test_sim_best_returns_personal_best" time="0.051" /><testcase classname="backend.tests.test_phase4_api" name="test_sim_best_null_for_fresh_user" time="0.319" /><testcase classname="backend.tests.test_phase4_api" name="test_sim_leaderboard_sorted_ascending" time="0.106" /><testcase classname="backend.tests.test_phase4_api" name="test_sim_score_requires_auth" time="0.102" /><testcase classname="backend.tests.test_phase4_api" name="test_sim_best_requires_auth" time="0.104" /><testcase classname="backend.tests.test_phase5_api" name="test_root" time="0.149" /><testcase classname="backend.tests.test_phase5_api" name="test_tracks" time="0.065" /><testcase classname="backend.tests.test_phase5_api" name="test_lesson_pid" time="0.051" /><testcase classname="backend.tests.test_phase5_api" name="test_sim_missions_catalog" time="0.053" /><testcase classname="backend.tests.test_phase5_api" name="test_precision_hover_requires_1_gate" time="1.093" /><testcase classname="backend.tests.test_phase5_api" name="test_pylon_slalom_requires_6_gates" time="0.106" /><testcase classname="backend.tests.test_phase5_api" name="test_no_gps_landing_requires_1_gate_and_min_time" time="0.661" /><testcase classname="backend.tests.test_phase5_api" name="test_sim_best_mission_specific" time="0.107" /><testcase classname="backend.tests.test_phase5_api" name="test_sim_leaderboard_mission_specific" time="0.463" /><testcase classname="backend.tests.test_phase5_api" name="test_psychomotor_zero_when_no_runs" time="0.682" /><testcase classname="backend.tests.test_phase5_api" name="test_psychomotor_high_after_fast_gate_course" time="0.099" /><testcase classname="backend.tests.test_phase5_api" name="test_psychomotor_requires_auth" time="0.140" /></testsuite></testsuites>