<?xml version="1.0" encoding="utf-8"?><testsuites name="pytest tests"><testsuite name="pytest" errors="0" failures="0" skipped="0" tests="11" time="2.084" timestamp="2026-06-23T13:56:20.448632+00:00" hostname="agent-env-02f6c318-6b47-4791-8295-bc738295b3ad"><testcase classname="backend.tests.test_phase4_api" name="test_root_still_ok" time="0.170" /><testcase classname="backend.tests.test_phase4_api" name="test_tracks_ten" time="0.046" /><testcase classname="backend.tests.test_phase4_api" name="test_lesson_pid" time="0.046" /><testcase classname="backend.tests.test_phase4_api" name="test_sim_score_first_run_is_new_best" time="0.441" /><testcase classname="backend.tests.test_phase4_api" name="test_sim_score_slower_not_new_best" time="0.158" /><testcase classname="backend.tests.test_phase4_api" name="test_sim_score_faster_new_best" time="0.162" /><testcase classname="backend.tests.test_phase4_api" name="test_sim_best_returns_personal_best" time="0.048" /><testcase classname="backend.tests.test_phase4_api" name="test_sim_best_null_for_fresh_user" time="0.537" /><testcase classname="backend.tests.test_phase4_api" name="test_sim_leaderboard_sorted_ascending" time="0.100" /><testcase classname="backend.tests.test_phase4_api" name="test_sim_score_requires_auth" time="0.155" /><testcase classname="backend.tests.test_phase4_api" name="test_sim_best_requires_auth" time="0.139" /></testsuite></testsuites>