<?xml version="1.0" encoding="utf-8"?><testsuites name="pytest tests"><testsuite name="pytest" errors="0" failures="0" skipped="0" tests="16" time="2.307" timestamp="2026-06-14T12:21:33.198324+00:00" hostname="agent-env-02f6c318-6b47-4791-8295-bc738295b3ad"><testcase classname="backend.tests.test_backend_api" name="test_root_ok" time="0.149" /><testcase classname="backend.tests.test_backend_api" name="test_tracks_returns_three" time="0.038" /><testcase classname="backend.tests.test_backend_api" name="test_foundations_has_modules_and_lessons" time="0.040" /><testcase classname="backend.tests.test_backend_api" name="test_lesson_pid" time="0.080" /><testcase classname="backend.tests.test_backend_api" name="test_lesson_404" time="0.036" /><testcase classname="backend.tests.test_backend_api" name="test_register_and_login" time="0.606" /><testcase classname="backend.tests.test_backend_api" name="test_login_invalid" time="0.049" /><testcase classname="backend.tests.test_backend_api" name="test_me_with_bearer" time="0.080" /><testcase classname="backend.tests.test_backend_api" name="test_me_without_token" time="0.145" /><testcase classname="backend.tests.test_backend_api" name="test_admin_login" time="0.261" /><testcase classname="backend.tests.test_backend_api" name="test_complete_lesson_awards_xp" time="0.131" /><testcase classname="backend.tests.test_backend_api" name="test_complete_lesson_idempotent" time="0.079" /><testcase classname="backend.tests.test_backend_api" name="test_complete_bad_lesson" time="0.040" /><testcase classname="backend.tests.test_backend_api" name="test_assessment_submit" time="0.082" /><testcase classname="backend.tests.test_backend_api" name="test_social_clips_one_per_lesson" time="0.281" /><testcase classname="backend.tests.test_backend_api" name="test_calendar_csv" time="0.041" /></testsuite></testsuites>